This file contains any messages produced by compilers while
running configure, to aid debugging if configure makes a mistake.

It was created by cputool configure 0.0.8-1, which was
generated by GNU Autoconf 2.69.  Invocation command line was

  $ ./configure 

## --------- ##
## Platform. ##
## --------- ##

hostname = Krogue
uname -m = x86_64
uname -r = 4.10.17-2-MANJARO
uname -s = Linux
uname -v = #1 SMP PREEMPT Sun May 21 11:02:41 UTC 2017

/usr/bin/uname -p = unknown
/bin/uname -X     = unknown

/bin/arch              = unknown
/usr/bin/arch -k       = unknown
/usr/convex/getsysinfo = unknown
/usr/bin/hostinfo      = unknown
/bin/machine           = unknown
/usr/bin/oslevel       = unknown
/bin/universe          = unknown

PATH: /usr/lib/hardening-wrapper/bin
PATH: /usr/local/sbin
PATH: /usr/local/bin
PATH: /usr/bin
PATH: /opt/cuda/bin
PATH: /usr/lib/jvm/default/bin
PATH: /usr/bin/site_perl
PATH: /usr/bin/vendor_perl
PATH: /usr/bin/core_perl
PATH: /home/carl/.local/bin/


## ----------- ##
## Core tests. ##
## ----------- ##

configure:2283: checking for a BSD-compatible install
configure:2351: result: /usr/bin/install -c
configure:2362: checking whether build environment is sane
configure:2399: result: yes
configure:2461: checking for gawk
configure:2477: found /usr/bin/gawk
configure:2488: result: gawk
configure:2499: checking whether make sets $(MAKE)
configure:2521: result: yes
configure:2718: checking for style of include used by make
configure:2746: result: GNU
configure:2819: checking for gcc
configure:2835: found /usr/lib/hardening-wrapper/bin/gcc
configure:2846: result: gcc
configure:3075: checking for C compiler version
configure:3084: gcc --version >&5
gcc (GCC) 7.1.1 20170528
Copyright (C) 2017 Free Software Foundation, Inc.
This is free software; see the source for copying conditions.  There is NO
warranty; not even for MERCHANTABILITY or FITNESS FOR A PARTICULAR PURPOSE.

configure:3095: $? = 0
configure:3084: gcc -v >&5
Using built-in specs.
COLLECT_GCC=/usr/bin/gcc
COLLECT_LTO_WRAPPER=/usr/lib/gcc/x86_64-pc-linux-gnu/7.1.1/lto-wrapper
Target: x86_64-pc-linux-gnu
Configured with: /build/gcc-multilib/src/gcc/configure --prefix=/usr --libdir=/usr/lib --libexecdir=/usr/lib --mandir=/usr/share/man --infodir=/usr/share/info --with-bugurl=https://bugs.archlinux.org/ --enable-languages=c,c++,ada,fortran,go,lto,objc,obj-c++ --enable-shared --enable-threads=posix --enable-libmpx --with-system-zlib --with-isl --enable-__cxa_atexit --disable-libunwind-exceptions --enable-clocale=gnu --disable-libstdcxx-pch --disable-libssp --enable-gnu-unique-object --enable-linker-build-id --enable-lto --enable-plugin --enable-install-libiberty --with-linker-hash-style=gnu --enable-gnu-indirect-function --enable-multilib --disable-werror --enable-checking=release
Thread model: posix
gcc version 7.1.1 20170528 (GCC) 
configure:3095: $? = 0
configure:3084: gcc -V >&5
gcc: error: unrecognized command line option '-V'
gcc: fatal error: no input files
compilation terminated.
configure:3095: $? = 1
configure:3084: gcc -qversion >&5
gcc: error: unrecognized command line option '-qversion'; did you mean '--version'?
gcc: fatal error: no input files
compilation terminated.
configure:3095: $? = 1
configure:3115: checking whether the C compiler works
configure:3137: gcc    conftest.c  >&5
configure:3141: $? = 0
configure:3189: result: yes
configure:3192: checking for C compiler default output file name
configure:3194: result: a.out
configure:3200: checking for suffix of executables
configure:3207: gcc -o conftest    conftest.c  >&5
configure:3211: $? = 0
configure:3233: result: 
configure:3255: checking whether we are cross compiling
configure:3263: gcc -o conftest    conftest.c  >&5
configure:3267: $? = 0
configure:3274: ./conftest
configure:3278: $? = 0
configure:3293: result: no
configure:3298: checking for suffix of object files
configure:3320: gcc -c   conftest.c >&5
configure:3324: $? = 0
configure:3345: result: o
configure:3349: checking whether we are using the GNU C compiler
configure:3368: gcc -c   conftest.c >&5
configure:3368: $? = 0
configure:3377: result: yes
configure:3386: checking whether gcc accepts -g
configure:3406: gcc -c -g  conftest.c >&5
configure:3406: $? = 0
configure:3447: result: yes
configure:3464: checking for gcc option to accept ISO C89
configure:3527: gcc  -c -g -O2  conftest.c >&5
configure:3527: $? = 0
configure:3540: result: none needed
configure:3562: checking dependency style of gcc
configure:3652: result: gcc3
configure:3673: checking for gcc option to accept ISO C99
configure:3822: gcc  -c -g -O2  conftest.c >&5
configure:3822: $? = 0
configure:3835: result: none needed
configure:3943: checking for gcc option to accept ISO Standard C
configure:3954: result: none needed
configure:3967: checking how to run the C preprocessor
configure:3998: gcc -E  conftest.c
configure:3998: $? = 0
configure:4012: gcc -E  conftest.c
conftest.c:11:10: fatal error: ac_nonexistent.h: No such file or directory
 #include <ac_nonexistent.h>
          ^~~~~~~~~~~~~~~~~~
compilation terminated.
configure:4012: $? = 1
configure: failed program was:
| /* confdefs.h */
| #define PACKAGE_NAME "cputool"
| #define PACKAGE_TARNAME "cputool"
| #define PACKAGE_VERSION "0.0.8-1"
| #define PACKAGE_STRING "cputool 0.0.8-1"
| #define PACKAGE_BUGREPORT "nkukard@lbsd.net"
| #define PACKAGE_URL ""
| #define PACKAGE "cputool"
| #define VERSION "0.0.8-1"
| /* end confdefs.h.  */
| #include <ac_nonexistent.h>
configure:4037: result: gcc -E
configure:4057: gcc -E  conftest.c
configure:4057: $? = 0
configure:4071: gcc -E  conftest.c
conftest.c:11:10: fatal error: ac_nonexistent.h: No such file or directory
 #include <ac_nonexistent.h>
          ^~~~~~~~~~~~~~~~~~
compilation terminated.
configure:4071: $? = 1
configure: failed program was:
| /* confdefs.h */
| #define PACKAGE_NAME "cputool"
| #define PACKAGE_TARNAME "cputool"
| #define PACKAGE_VERSION "0.0.8-1"
| #define PACKAGE_STRING "cputool 0.0.8-1"
| #define PACKAGE_BUGREPORT "nkukard@lbsd.net"
| #define PACKAGE_URL ""
| #define PACKAGE "cputool"
| #define VERSION "0.0.8-1"
| /* end confdefs.h.  */
| #include <ac_nonexistent.h>
configure:4100: checking for grep that handles long lines and -e
configure:4158: result: /usr/bin/grep
configure:4163: checking for egrep
configure:4225: result: /usr/bin/grep -E
configure:4230: checking for ANSI C header files
configure:4250: gcc -c -g -O2  conftest.c >&5
configure:4250: $? = 0
configure:4323: gcc -o conftest -g -O2   conftest.c  >&5
configure:4323: $? = 0
configure:4323: ./conftest
configure:4323: $? = 0
configure:4334: result: yes
configure:4347: checking for sys/types.h
configure:4347: gcc -c -g -O2  conftest.c >&5
configure:4347: $? = 0
configure:4347: result: yes
configure:4347: checking for sys/stat.h
configure:4347: gcc -c -g -O2  conftest.c >&5
configure:4347: $? = 0
configure:4347: result: yes
configure:4347: checking for stdlib.h
configure:4347: gcc -c -g -O2  conftest.c >&5
configure:4347: $? = 0
configure:4347: result: yes
configure:4347: checking for string.h
configure:4347: gcc -c -g -O2  conftest.c >&5
configure:4347: $? = 0
configure:4347: result: yes
configure:4347: checking for memory.h
configure:4347: gcc -c -g -O2  conftest.c >&5
configure:4347: $? = 0
configure:4347: result: yes
configure:4347: checking for strings.h
configure:4347: gcc -c -g -O2  conftest.c >&5
configure:4347: $? = 0
configure:4347: result: yes
configure:4347: checking for inttypes.h
configure:4347: gcc -c -g -O2  conftest.c >&5
configure:4347: $? = 0
configure:4347: result: yes
configure:4347: checking for stdint.h
configure:4347: gcc -c -g -O2  conftest.c >&5
configure:4347: $? = 0
configure:4347: result: yes
configure:4347: checking for unistd.h
configure:4347: gcc -c -g -O2  conftest.c >&5
configure:4347: $? = 0
configure:4347: result: yes
configure:4360: checking minix/config.h usability
configure:4360: gcc -c -g -O2  conftest.c >&5
conftest.c:54:10: fatal error: minix/config.h: No such file or directory
 #include <minix/config.h>
          ^~~~~~~~~~~~~~~~
compilation terminated.
configure:4360: $? = 1
configure: failed program was:
| /* confdefs.h */
| #define PACKAGE_NAME "cputool"
| #define PACKAGE_TARNAME "cputool"
| #define PACKAGE_VERSION "0.0.8-1"
| #define PACKAGE_STRING "cputool 0.0.8-1"
| #define PACKAGE_BUGREPORT "nkukard@lbsd.net"
| #define PACKAGE_URL ""
| #define PACKAGE "cputool"
| #define VERSION "0.0.8-1"
| #define STDC_HEADERS 1
| #define HAVE_SYS_TYPES_H 1
| #define HAVE_SYS_STAT_H 1
| #define HAVE_STDLIB_H 1
| #define HAVE_STRING_H 1
| #define HAVE_MEMORY_H 1
| #define HAVE_STRINGS_H 1
| #define HAVE_INTTYPES_H 1
| #define HAVE_STDINT_H 1
| #define HAVE_UNISTD_H 1
| /* end confdefs.h.  */
| #include <stdio.h>
| #ifdef HAVE_SYS_TYPES_H
| # include <sys/types.h>
| #endif
| #ifdef HAVE_SYS_STAT_H
| # include <sys/stat.h>
| #endif
| #ifdef STDC_HEADERS
| # include <stdlib.h>
| # include <stddef.h>
| #else
| # ifdef HAVE_STDLIB_H
| #  include <stdlib.h>
| # endif
| #endif
| #ifdef HAVE_STRING_H
| # if !defined STDC_HEADERS && defined HAVE_MEMORY_H
| #  include <memory.h>
| # endif
| # include <string.h>
| #endif
| #ifdef HAVE_STRINGS_H
| # include <strings.h>
| #endif
| #ifdef HAVE_INTTYPES_H
| # include <inttypes.h>
| #endif
| #ifdef HAVE_STDINT_H
| # include <stdint.h>
| #endif
| #ifdef HAVE_UNISTD_H
| # include <unistd.h>
| #endif
| #include <minix/config.h>
configure:4360: result: no
configure:4360: checking minix/config.h presence
configure:4360: gcc -E  conftest.c
conftest.c:21:10: fatal error: minix/config.h: No such file or directory
 #include <minix/config.h>
          ^~~~~~~~~~~~~~~~
compilation terminated.
configure:4360: $? = 1
configure: failed program was:
| /* confdefs.h */
| #define PACKAGE_NAME "cputool"
| #define PACKAGE_TARNAME "cputool"
| #define PACKAGE_VERSION "0.0.8-1"
| #define PACKAGE_STRING "cputool 0.0.8-1"
| #define PACKAGE_BUGREPORT "nkukard@lbsd.net"
| #define PACKAGE_URL ""
| #define PACKAGE "cputool"
| #define VERSION "0.0.8-1"
| #define STDC_HEADERS 1
| #define HAVE_SYS_TYPES_H 1
| #define HAVE_SYS_STAT_H 1
| #define HAVE_STDLIB_H 1
| #define HAVE_STRING_H 1
| #define HAVE_MEMORY_H 1
| #define HAVE_STRINGS_H 1
| #define HAVE_INTTYPES_H 1
| #define HAVE_STDINT_H 1
| #define HAVE_UNISTD_H 1
| /* end confdefs.h.  */
| #include <minix/config.h>
configure:4360: result: no
configure:4360: checking for minix/config.h
configure:4360: result: no
configure:4381: checking whether it is safe to define __EXTENSIONS__
configure:4399: gcc -c -g -O2  conftest.c >&5
configure:4399: $? = 0
configure:4406: result: yes
configure:4423: checking for fabs in -lrt
configure:4448: gcc -o conftest -g -O2   conftest.c -lrt   >&5
conftest.c:33:6: warning: conflicting types for built-in function 'fabs' [-Wbuiltin-declaration-mismatch]
 char fabs ();
      ^~~~
/tmp/cczf1z7O.o: In function `main':
/srv/samba/testing/debian-cputool-master-e02ec45cee34b27fdc87824a30ce365e595b8206/conftest.c:37: undefined reference to `fabs'
collect2: error: ld returned 1 exit status
configure:4448: $? = 1
configure: failed program was:
| /* confdefs.h */
| #define PACKAGE_NAME "cputool"
| #define PACKAGE_TARNAME "cputool"
| #define PACKAGE_VERSION "0.0.8-1"
| #define PACKAGE_STRING "cputool 0.0.8-1"
| #define PACKAGE_BUGREPORT "nkukard@lbsd.net"
| #define PACKAGE_URL ""
| #define PACKAGE "cputool"
| #define VERSION "0.0.8-1"
| #define STDC_HEADERS 1
| #define HAVE_SYS_TYPES_H 1
| #define HAVE_SYS_STAT_H 1
| #define HAVE_STDLIB_H 1
| #define HAVE_STRING_H 1
| #define HAVE_MEMORY_H 1
| #define HAVE_STRINGS_H 1
| #define HAVE_INTTYPES_H 1
| #define HAVE_STDINT_H 1
| #define HAVE_UNISTD_H 1
| #define __EXTENSIONS__ 1
| #define _ALL_SOURCE 1
| #define _GNU_SOURCE 1
| #define _POSIX_PTHREAD_SEMANTICS 1
| #define _TANDEM_SOURCE 1
| /* end confdefs.h.  */
| 
| /* Override any GCC internal prototype to avoid an error.
|    Use char because int might match the return type of a GCC
|    builtin and then its argument prototype would still apply.  */
| #ifdef __cplusplus
| extern "C"
| #endif
| char fabs ();
| int
| main ()
| {
| return fabs ();
|   ;
|   return 0;
| }
configure:4457: result: no
configure:4473: checking fcntl.h usability
configure:4473: gcc -c -g -O2  conftest.c >&5
configure:4473: $? = 0
configure:4473: result: yes
configure:4473: checking fcntl.h presence
configure:4473: gcc -E  conftest.c
configure:4473: $? = 0
configure:4473: result: yes
configure:4473: checking for fcntl.h
configure:4473: result: yes
configure:4473: checking for stdint.h
configure:4473: result: yes
configure:4473: checking for stdlib.h
configure:4473: result: yes
configure:4473: checking for string.h
configure:4473: result: yes
configure:4473: checking for unistd.h
configure:4473: result: yes
configure:4485: checking for inline
configure:4501: gcc -c -g -O2  conftest.c >&5
configure:4501: $? = 0
configure:4509: result: inline
configure:4527: checking for pid_t
configure:4527: gcc -c -g -O2  conftest.c >&5
configure:4527: $? = 0
configure:4527: gcc -c -g -O2  conftest.c >&5
conftest.c: In function 'main':
conftest.c:67:20: error: expected expression before ')' token
 if (sizeof ((pid_t)))
                    ^
configure:4527: $? = 1
configure: failed program was:
| /* confdefs.h */
| #define PACKAGE_NAME "cputool"
| #define PACKAGE_TARNAME "cputool"
| #define PACKAGE_VERSION "0.0.8-1"
| #define PACKAGE_STRING "cputool 0.0.8-1"
| #define PACKAGE_BUGREPORT "nkukard@lbsd.net"
| #define PACKAGE_URL ""
| #define PACKAGE "cputool"
| #define VERSION "0.0.8-1"
| #define STDC_HEADERS 1
| #define HAVE_SYS_TYPES_H 1
| #define HAVE_SYS_STAT_H 1
| #define HAVE_STDLIB_H 1
| #define HAVE_STRING_H 1
| #define HAVE_MEMORY_H 1
| #define HAVE_STRINGS_H 1
| #define HAVE_INTTYPES_H 1
| #define HAVE_STDINT_H 1
| #define HAVE_UNISTD_H 1
| #define __EXTENSIONS__ 1
| #define _ALL_SOURCE 1
| #define _GNU_SOURCE 1
| #define _POSIX_PTHREAD_SEMANTICS 1
| #define _TANDEM_SOURCE 1
| #define HAVE_FCNTL_H 1
| #define HAVE_STDINT_H 1
| #define HAVE_STDLIB_H 1
| #define HAVE_STRING_H 1
| #define HAVE_UNISTD_H 1
| /* end confdefs.h.  */
| #include <stdio.h>
| #ifdef HAVE_SYS_TYPES_H
| # include <sys/types.h>
| #endif
| #ifdef HAVE_SYS_STAT_H
| # include <sys/stat.h>
| #endif
| #ifdef STDC_HEADERS
| # include <stdlib.h>
| # include <stddef.h>
| #else
| # ifdef HAVE_STDLIB_H
| #  include <stdlib.h>
| # endif
| #endif
| #ifdef HAVE_STRING_H
| # if !defined STDC_HEADERS && defined HAVE_MEMORY_H
| #  include <memory.h>
| # endif
| # include <string.h>
| #endif
| #ifdef HAVE_STRINGS_H
| # include <strings.h>
| #endif
| #ifdef HAVE_INTTYPES_H
| # include <inttypes.h>
| #endif
| #ifdef HAVE_STDINT_H
| # include <stdint.h>
| #endif
| #ifdef HAVE_UNISTD_H
| # include <unistd.h>
| #endif
| int
| main ()
| {
| if (sizeof ((pid_t)))
| 	    return 0;
|   ;
|   return 0;
| }
configure:4527: result: yes
configure:4538: checking for ssize_t
configure:4538: gcc -c -g -O2  conftest.c >&5
configure:4538: $? = 0
configure:4538: gcc -c -g -O2  conftest.c >&5
conftest.c: In function 'main':
conftest.c:67:22: error: expected expression before ')' token
 if (sizeof ((ssize_t)))
                      ^
configure:4538: $? = 1
configure: failed program was:
| /* confdefs.h */
| #define PACKAGE_NAME "cputool"
| #define PACKAGE_TARNAME "cputool"
| #define PACKAGE_VERSION "0.0.8-1"
| #define PACKAGE_STRING "cputool 0.0.8-1"
| #define PACKAGE_BUGREPORT "nkukard@lbsd.net"
| #define PACKAGE_URL ""
| #define PACKAGE "cputool"
| #define VERSION "0.0.8-1"
| #define STDC_HEADERS 1
| #define HAVE_SYS_TYPES_H 1
| #define HAVE_SYS_STAT_H 1
| #define HAVE_STDLIB_H 1
| #define HAVE_STRING_H 1
| #define HAVE_MEMORY_H 1
| #define HAVE_STRINGS_H 1
| #define HAVE_INTTYPES_H 1
| #define HAVE_STDINT_H 1
| #define HAVE_UNISTD_H 1
| #define __EXTENSIONS__ 1
| #define _ALL_SOURCE 1
| #define _GNU_SOURCE 1
| #define _POSIX_PTHREAD_SEMANTICS 1
| #define _TANDEM_SOURCE 1
| #define HAVE_FCNTL_H 1
| #define HAVE_STDINT_H 1
| #define HAVE_STDLIB_H 1
| #define HAVE_STRING_H 1
| #define HAVE_UNISTD_H 1
| /* end confdefs.h.  */
| #include <stdio.h>
| #ifdef HAVE_SYS_TYPES_H
| # include <sys/types.h>
| #endif
| #ifdef HAVE_SYS_STAT_H
| # include <sys/stat.h>
| #endif
| #ifdef STDC_HEADERS
| # include <stdlib.h>
| # include <stddef.h>
| #else
| # ifdef HAVE_STDLIB_H
| #  include <stdlib.h>
| # endif
| #endif
| #ifdef HAVE_STRING_H
| # if !defined STDC_HEADERS && defined HAVE_MEMORY_H
| #  include <memory.h>
| # endif
| # include <string.h>
| #endif
| #ifdef HAVE_STRINGS_H
| # include <strings.h>
| #endif
| #ifdef HAVE_INTTYPES_H
| # include <inttypes.h>
| #endif
| #ifdef HAVE_STDINT_H
| # include <stdint.h>
| #endif
| #ifdef HAVE_UNISTD_H
| # include <unistd.h>
| #endif
| int
| main ()
| {
| if (sizeof ((ssize_t)))
| 	    return 0;
|   ;
|   return 0;
| }
configure:4538: result: yes
configure:4549: checking for uint32_t
configure:4549: gcc -c -g -O2  conftest.c >&5
configure:4549: $? = 0
configure:4549: result: yes
configure:4563: checking for uint64_t
configure:4563: gcc -c -g -O2  conftest.c >&5
configure:4563: $? = 0
configure:4563: result: yes
configure:4581: checking vfork.h usability
configure:4581: gcc -c -g -O2  conftest.c >&5
conftest.c:64:10: fatal error: vfork.h: No such file or directory
 #include <vfork.h>
          ^~~~~~~~~
compilation terminated.
configure:4581: $? = 1
configure: failed program was:
| /* confdefs.h */
| #define PACKAGE_NAME "cputool"
| #define PACKAGE_TARNAME "cputool"
| #define PACKAGE_VERSION "0.0.8-1"
| #define PACKAGE_STRING "cputool 0.0.8-1"
| #define PACKAGE_BUGREPORT "nkukard@lbsd.net"
| #define PACKAGE_URL ""
| #define PACKAGE "cputool"
| #define VERSION "0.0.8-1"
| #define STDC_HEADERS 1
| #define HAVE_SYS_TYPES_H 1
| #define HAVE_SYS_STAT_H 1
| #define HAVE_STDLIB_H 1
| #define HAVE_STRING_H 1
| #define HAVE_MEMORY_H 1
| #define HAVE_STRINGS_H 1
| #define HAVE_INTTYPES_H 1
| #define HAVE_STDINT_H 1
| #define HAVE_UNISTD_H 1
| #define __EXTENSIONS__ 1
| #define _ALL_SOURCE 1
| #define _GNU_SOURCE 1
| #define _POSIX_PTHREAD_SEMANTICS 1
| #define _TANDEM_SOURCE 1
| #define HAVE_FCNTL_H 1
| #define HAVE_STDINT_H 1
| #define HAVE_STDLIB_H 1
| #define HAVE_STRING_H 1
| #define HAVE_UNISTD_H 1
| /* end confdefs.h.  */
| #include <stdio.h>
| #ifdef HAVE_SYS_TYPES_H
| # include <sys/types.h>
| #endif
| #ifdef HAVE_SYS_STAT_H
| # include <sys/stat.h>
| #endif
| #ifdef STDC_HEADERS
| # include <stdlib.h>
| # include <stddef.h>
| #else
| # ifdef HAVE_STDLIB_H
| #  include <stdlib.h>
| # endif
| #endif
| #ifdef HAVE_STRING_H
| # if !defined STDC_HEADERS && defined HAVE_MEMORY_H
| #  include <memory.h>
| # endif
| # include <string.h>
| #endif
| #ifdef HAVE_STRINGS_H
| # include <strings.h>
| #endif
| #ifdef HAVE_INTTYPES_H
| # include <inttypes.h>
| #endif
| #ifdef HAVE_STDINT_H
| # include <stdint.h>
| #endif
| #ifdef HAVE_UNISTD_H
| # include <unistd.h>
| #endif
| #include <vfork.h>
configure:4581: result: no
configure:4581: checking vfork.h presence
configure:4581: gcc -E  conftest.c
conftest.c:31:10: fatal error: vfork.h: No such file or directory
 #include <vfork.h>
          ^~~~~~~~~
compilation terminated.
configure:4581: $? = 1
configure: failed program was:
| /* confdefs.h */
| #define PACKAGE_NAME "cputool"
| #define PACKAGE_TARNAME "cputool"
| #define PACKAGE_VERSION "0.0.8-1"
| #define PACKAGE_STRING "cputool 0.0.8-1"
| #define PACKAGE_BUGREPORT "nkukard@lbsd.net"
| #define PACKAGE_URL ""
| #define PACKAGE "cputool"
| #define VERSION "0.0.8-1"
| #define STDC_HEADERS 1
| #define HAVE_SYS_TYPES_H 1
| #define HAVE_SYS_STAT_H 1
| #define HAVE_STDLIB_H 1
| #define HAVE_STRING_H 1
| #define HAVE_MEMORY_H 1
| #define HAVE_STRINGS_H 1
| #define HAVE_INTTYPES_H 1
| #define HAVE_STDINT_H 1
| #define HAVE_UNISTD_H 1
| #define __EXTENSIONS__ 1
| #define _ALL_SOURCE 1
| #define _GNU_SOURCE 1
| #define _POSIX_PTHREAD_SEMANTICS 1
| #define _TANDEM_SOURCE 1
| #define HAVE_FCNTL_H 1
| #define HAVE_STDINT_H 1
| #define HAVE_STDLIB_H 1
| #define HAVE_STRING_H 1
| #define HAVE_UNISTD_H 1
| /* end confdefs.h.  */
| #include <vfork.h>
configure:4581: result: no
configure:4581: checking for vfork.h
configure:4581: result: no
configure:4594: checking for fork
configure:4594: gcc -o conftest -g -O2   conftest.c  >&5
conftest.c:54:6: warning: conflicting types for built-in function 'fork' [-Wbuiltin-declaration-mismatch]
 char fork ();
      ^~~~
configure:4594: $? = 0
configure:4594: result: yes
configure:4594: checking for vfork
configure:4594: gcc -o conftest -g -O2   conftest.c  >&5
configure:4594: $? = 0
configure:4594: result: yes
configure:4604: checking for working fork
configure:4626: gcc -o conftest -g -O2   conftest.c  >&5
configure:4626: $? = 0
configure:4626: ./conftest
configure:4626: $? = 0
configure:4636: result: yes
configure:4657: checking for working vfork
configure:4767: result: yes
configure:4794: checking for stdlib.h
configure:4794: result: yes
configure:4804: checking for GNU libc compatible malloc
configure:4828: gcc -o conftest -g -O2   conftest.c  >&5
configure:4828: $? = 0
configure:4828: ./conftest
configure:4828: $? = 0
configure:4838: result: yes
configure:4859: checking for working strtod
configure:4900: gcc -o conftest -g -O2   conftest.c  >&5
configure:4900: $? = 0
configure:4900: ./conftest
configure:4900: $? = 0
configure:4910: result: yes
configure:4975: checking for clock_gettime
configure:4975: gcc -o conftest -g -O2   conftest.c  >&5
configure:4975: $? = 0
configure:4975: result: yes
configure:4975: checking for strerror
configure:4975: gcc -o conftest -g -O2   conftest.c  >&5
configure:4975: $? = 0
configure:4975: result: yes
configure:4989: checking for docbook-to-man
configure:5019: result: no
configure:4989: checking for docbook2man
configure:5005: found /usr/bin/docbook2man
configure:5016: result: docbook2man
configure:5160: creating ./config.status

## ---------------------- ##
## Running config.status. ##
## ---------------------- ##

This file was extended by cputool config.status 0.0.8-1, which was
generated by GNU Autoconf 2.69.  Invocation command line was

  CONFIG_FILES    = 
  CONFIG_HEADERS  = 
  CONFIG_LINKS    = 
  CONFIG_COMMANDS = 
  $ ./config.status 

on Krogue

config.status:862: creating Makefile
config.status:862: creating config.h
config.status:1037: config.h is unchanged
config.status:1084: executing depfiles commands

## ---------------- ##
## Cache variables. ##
## ---------------- ##

ac_cv_c_compiler_gnu=yes
ac_cv_c_inline=inline
ac_cv_c_uint32_t=yes
ac_cv_c_uint64_t=yes
ac_cv_env_CC_set=
ac_cv_env_CC_value=
ac_cv_env_CFLAGS_set=
ac_cv_env_CFLAGS_value=
ac_cv_env_CPPFLAGS_set=
ac_cv_env_CPPFLAGS_value=
ac_cv_env_CPP_set=
ac_cv_env_CPP_value=
ac_cv_env_LDFLAGS_set=
ac_cv_env_LDFLAGS_value=
ac_cv_env_LIBS_set=
ac_cv_env_LIBS_value=
ac_cv_env_build_alias_set=
ac_cv_env_build_alias_value=
ac_cv_env_host_alias_set=
ac_cv_env_host_alias_value=
ac_cv_env_target_alias_set=
ac_cv_env_target_alias_value=
ac_cv_func_clock_gettime=yes
ac_cv_func_fork=yes
ac_cv_func_fork_works=yes
ac_cv_func_malloc_0_nonnull=yes
ac_cv_func_strerror=yes
ac_cv_func_strtod=yes
ac_cv_func_vfork=yes
ac_cv_func_vfork_works=yes
ac_cv_header_fcntl_h=yes
ac_cv_header_inttypes_h=yes
ac_cv_header_memory_h=yes
ac_cv_header_minix_config_h=no
ac_cv_header_stdc=yes
ac_cv_header_stdint_h=yes
ac_cv_header_stdlib_h=yes
ac_cv_header_string_h=yes
ac_cv_header_strings_h=yes
ac_cv_header_sys_stat_h=yes
ac_cv_header_sys_types_h=yes
ac_cv_header_unistd_h=yes
ac_cv_header_vfork_h=no
ac_cv_lib_rt_fabs=no
ac_cv_objext=o
ac_cv_path_EGREP='/usr/bin/grep -E'
ac_cv_path_GREP=/usr/bin/grep
ac_cv_path_install='/usr/bin/install -c'
ac_cv_prog_AWK=gawk
ac_cv_prog_CPP='gcc -E'
ac_cv_prog_DOCBOOKTOMAN=docbook2man
ac_cv_prog_ac_ct_CC=gcc
ac_cv_prog_cc_c89=
ac_cv_prog_cc_c99=
ac_cv_prog_cc_g=yes
ac_cv_prog_cc_stdc=
ac_cv_prog_make_make_set=yes
ac_cv_safe_to_define___extensions__=yes
ac_cv_type_pid_t=yes
ac_cv_type_ssize_t=yes
am_cv_CC_dependencies_compiler_type=gcc3

## ----------------- ##
## Output variables. ##
## ----------------- ##

ACLOCAL='${SHELL} /srv/samba/testing/debian-cputool-master-e02ec45cee34b27fdc87824a30ce365e595b8206/missing --run aclocal-1.9'
AMDEPBACKSLASH='\'
AMDEP_FALSE='#'
AMDEP_TRUE=''
AMTAR='${SHELL} /srv/samba/testing/debian-cputool-master-e02ec45cee34b27fdc87824a30ce365e595b8206/missing --run tar'
AUTOCONF='${SHELL} /srv/samba/testing/debian-cputool-master-e02ec45cee34b27fdc87824a30ce365e595b8206/missing --run autoconf'
AUTOHEADER='${SHELL} /srv/samba/testing/debian-cputool-master-e02ec45cee34b27fdc87824a30ce365e595b8206/missing --run autoheader'
AUTOMAKE='${SHELL} /srv/samba/testing/debian-cputool-master-e02ec45cee34b27fdc87824a30ce365e595b8206/missing --run automake-1.9'
AWK='gawk'
CC='gcc'
CCDEPMODE='depmode=gcc3'
CFLAGS='-g -O2'
CPP='gcc -E'
CPPFLAGS=''
CYGPATH_W='echo'
DEFS='-DHAVE_CONFIG_H'
DEPDIR='.deps'
DOCBOOKTOMAN='docbook2man'
ECHO_C=''
ECHO_N='-n'
ECHO_T=''
EGREP='/usr/bin/grep -E'
EXEEXT=''
GREP='/usr/bin/grep'
INSTALL_DATA='${INSTALL} -m 644'
INSTALL_PROGRAM='${INSTALL}'
INSTALL_SCRIPT='${INSTALL}'
INSTALL_STRIP_PROGRAM='${SHELL} $(install_sh) -c -s'
LDFLAGS=''
LIBOBJS=''
LIBS=''
LTLIBOBJS=''
MAKEINFO='${SHELL} /srv/samba/testing/debian-cputool-master-e02ec45cee34b27fdc87824a30ce365e595b8206/missing --run makeinfo'
OBJEXT='o'
PACKAGE='cputool'
PACKAGE_BUGREPORT='nkukard@lbsd.net'
PACKAGE_NAME='cputool'
PACKAGE_STRING='cputool 0.0.8-1'
PACKAGE_TARNAME='cputool'
PACKAGE_URL=''
PACKAGE_VERSION='0.0.8-1'
PATH_SEPARATOR=':'
POW_LIB=''
SET_MAKE=''
SHELL='/bin/sh'
STRIP=''
VERSION='0.0.8-1'
ac_ct_CC='gcc'
am__fastdepCC_FALSE='#'
am__fastdepCC_TRUE=''
am__include='include'
am__leading_dot='.'
am__quote=''
am__tar='${AMTAR} chof - "$$tardir"'
am__untar='${AMTAR} xf -'
bindir='${exec_prefix}/bin'
build_alias=''
datadir='${datarootdir}'
datarootdir='${prefix}/share'
docdir='${datarootdir}/doc/${PACKAGE_TARNAME}'
dvidir='${docdir}'
exec_prefix='${prefix}'
host_alias=''
htmldir='${docdir}'
includedir='${prefix}/include'
infodir='${datarootdir}/info'
install_sh='/srv/samba/testing/debian-cputool-master-e02ec45cee34b27fdc87824a30ce365e595b8206/install-sh'
libdir='${exec_prefix}/lib'
libexecdir='${exec_prefix}/libexec'
localedir='${datarootdir}/locale'
localstatedir='${prefix}/var'
mandir='${datarootdir}/man'
mkdir_p='mkdir -p --'
oldincludedir='/usr/include'
pdfdir='${docdir}'
prefix='/usr/local'
program_transform_name='s,x,x,'
psdir='${docdir}'
sbindir='${exec_prefix}/sbin'
sharedstatedir='${prefix}/com'
sysconfdir='${prefix}/etc'
target_alias=''

## ----------- ##
## confdefs.h. ##
## ----------- ##

/* confdefs.h */
#define PACKAGE_NAME "cputool"
#define PACKAGE_TARNAME "cputool"
#define PACKAGE_VERSION "0.0.8-1"
#define PACKAGE_STRING "cputool 0.0.8-1"
#define PACKAGE_BUGREPORT "nkukard@lbsd.net"
#define PACKAGE_URL ""
#define PACKAGE "cputool"
#define VERSION "0.0.8-1"
#define STDC_HEADERS 1
#define HAVE_SYS_TYPES_H 1
#define HAVE_SYS_STAT_H 1
#define HAVE_STDLIB_H 1
#define HAVE_STRING_H 1
#define HAVE_MEMORY_H 1
#define HAVE_STRINGS_H 1
#define HAVE_INTTYPES_H 1
#define HAVE_STDINT_H 1
#define HAVE_UNISTD_H 1
#define __EXTENSIONS__ 1
#define _ALL_SOURCE 1
#define _GNU_SOURCE 1
#define _POSIX_PTHREAD_SEMANTICS 1
#define _TANDEM_SOURCE 1
#define HAVE_FCNTL_H 1
#define HAVE_STDINT_H 1
#define HAVE_STDLIB_H 1
#define HAVE_STRING_H 1
#define HAVE_UNISTD_H 1
#define HAVE_FORK 1
#define HAVE_VFORK 1
#define HAVE_WORKING_VFORK 1
#define HAVE_WORKING_FORK 1
#define HAVE_STDLIB_H 1
#define HAVE_MALLOC 1
#define HAVE_CLOCK_GETTIME 1
#define HAVE_STRERROR 1

configure: exit 0
